0 info it worked if it ends with ok
1 verbose cli [ '/usr/local/bin/node',
1 verbose cli   '/Users/jps/npm-global/bin/npm',
1 verbose cli   'run',
1 verbose cli   'test' ]
2 info using npm@3.1.2
3 info using node@v5.2.0
4 verbose run-script [ 'pretest', 'test', 'posttest' ]
5 info pretest nodejs-sandbox@0.0.1
6 info test nodejs-sandbox@0.0.1
7 verbose unsafe-perm in lifecycle true
8 info nodejs-sandbox@0.0.1 Failed to exec test script
9 verbose stack Error: nodejs-sandbox@0.0.1 test: `istanbul cover node_modules/.bin/_mocha -- -R spec src/**/*-spec.js`
9 verbose stack Exit status 1
9 verbose stack     at EventEmitter.<anonymous> (/Users/jps/npm-global/lib/node_modules/npm/lib/utils/lifecycle.js:223:16)
9 verbose stack     at emitTwo (events.js:88:13)
9 verbose stack     at EventEmitter.emit (events.js:173:7)
9 verbose stack     at ChildProcess.<anonymous> (/Users/jps/npm-global/lib/node_modules/npm/lib/utils/spawn.js:24:14)
9 verbose stack     at emitTwo (events.js:88:13)
9 verbose stack     at ChildProcess.emit (events.js:173:7)
9 verbose stack     at maybeClose (internal/child_process.js:819:16)
9 verbose stack     at Process.ChildProcess._handle.onexit (internal/child_process.js:212:5)
10 verbose pkgid nodejs-sandbox@0.0.1
11 verbose cwd /Users/jps/SANDBOX/nodejs-sandbox
12 error Darwin 15.2.0
13 error argv "/usr/local/bin/node" "/Users/jps/npm-global/bin/npm" "run" "test"
14 error node v5.2.0
15 error npm  v3.1.2
16 error code ELIFECYCLE
17 error nodejs-sandbox@0.0.1 test: `istanbul cover node_modules/.bin/_mocha -- -R spec src/**/*-spec.js`
17 error Exit status 1
18 error Failed at the nodejs-sandbox@0.0.1 test script 'istanbul cover node_modules/.bin/_mocha -- -R spec src/**/*-spec.js'.
18 error This is most likely a problem with the nodejs-sandbox package,
18 error not with npm itself.
18 error Tell the author that this fails on your system:
18 error     istanbul cover node_modules/.bin/_mocha -- -R spec src/**/*-spec.js
18 error You can get their info via:
18 error     npm owner ls nodejs-sandbox
18 error There is likely additional logging output above.
19 verbose exit [ 1, true ]
